<?xml version="1.0" encoding="UTF-8"?>
<!-- Generated by org.testng.reporters.JUnitXMLReporter -->
<testsuite ignored="0" hostname="ndi-mb-152" failures="0" tests="1" name="Test" time="0.004" errors="0" timestamp="2024-02-14T12:08:47 IST">
  <testcase classname="utils.MainClass" name="@BeforeSuite setup" time="0.34">
    <failure type="org.openqa.selenium.SessionNotCreatedException" message="Could not start a new session. Response code 500. Message: Sauce could not start your job. For more information on what happened, please visit https://app.eu-central-1.saucelabs.com/tests/e7de589401454e1aaf08a999218ac05d 
Host info: host: &amp;apos;ndi-mb-152&amp;apos;, ip: &amp;apos;fe80:0:0:0:105f:fa78:ef89:ee2c%en0&amp;apos;
Build info: version: &amp;apos;4.13.0&amp;apos;, revision: &amp;apos;ba948ece5b*&amp;apos;
System info: os.name: &amp;apos;Mac OS X&amp;apos;, os.arch: &amp;apos;x86_64&amp;apos;, os.version: &amp;apos;14.2&amp;apos;, java.version: &amp;apos;17.0.4&amp;apos;
Driver info: org.openqa.selenium.remote.RemoteWebDriver
Command: [null, newSession {capabilities=[Capabilities {acceptInsecureCerts: true, browserName: firefox, browserVersion: latest, moz:debuggerAddress: true, moz:firefoxOptions: {}, platformName: Windows 11, sauce:options: {accessKey: a8a17db8-3717-4911-a302-efa..., build: selenium-build-A0YJQ, name: First test on sauce labs, username: oauth-meghavivek1626-65656}}]}]
Capabilities {acceptInsecureCerts: true, browserName: firefox, browserVersion: latest, moz:debuggerAddress: true, moz:firefoxOptions: {}, platformName: Windows 11, sauce:options: {accessKey: a8a17db8-3717-4911-a302-efa..., build: selenium-build-A0YJQ, name: First test on sauce labs, username: oauth-meghavivek1626-65656}}">
      <![CDATA[org.openqa.selenium.SessionNotCreatedException: Could not start a new session. Response code 500. Message: Sauce could not start your job. For more information on what happened, please visit https://app.eu-central-1.saucelabs.com/tests/e7de589401454e1aaf08a999218ac05d 
Host info: host: 'ndi-mb-152', ip: 'fe80:0:0:0:105f:fa78:ef89:ee2c%en0'
Build info: version: '4.13.0', revision: 'ba948ece5b*'
System info: os.name: 'Mac OS X', os.arch: 'x86_64', os.version: '14.2', java.version: '17.0.4'
Driver info: org.openqa.selenium.remote.RemoteWebDriver
Command: [null, newSession {capabilities=[Capabilities {acceptInsecureCerts: true, browserName: firefox, browserVersion: latest, moz:debuggerAddress: true, moz:firefoxOptions: {}, platformName: Windows 11, sauce:options: {accessKey: a8a17db8-3717-4911-a302-efa..., build: selenium-build-A0YJQ, name: First test on sauce labs, username: oauth-meghavivek1626-65656}}]}]
Capabilities {acceptInsecureCerts: true, browserName: firefox, browserVersion: latest, moz:debuggerAddress: true, moz:firefoxOptions: {}, platformName: Windows 11, sauce:options: {accessKey: a8a17db8-3717-4911-a302-efa..., build: selenium-build-A0YJQ, name: First test on sauce labs, username: oauth-meghavivek1626-65656}}
at org.openqa.selenium.remote.ProtocolHandshake.createSession(ProtocolHandshake.java:140)
at org.openqa.selenium.remote.ProtocolHandshake.createSession(ProtocolHandshake.java:96)
at org.openqa.selenium.remote.ProtocolHandshake.createSession(ProtocolHandshake.java:68)
at org.openqa.selenium.remote.HttpCommandExecutor.execute(HttpCommandExecutor.java:163)
at org.openqa.selenium.remote.TracedCommandExecutor.execute(TracedCommandExecutor.java:51)
at org.openqa.selenium.remote.RemoteWebDriver.execute(RemoteWebDriver.java:602)
at org.openqa.selenium.remote.RemoteWebDriver.startSession(RemoteWebDriver.java:236)
at org.openqa.selenium.remote.RemoteWebDriver.<init>(RemoteWebDriver.java:163)
at org.openqa.selenium.remote.RemoteWebDriver.<init>(RemoteWebDriver.java:143)
at pages.BasePage.initDriver(BasePage.java:56)
at utils.MainClass.setup(MainClass.java:19)
... Removed 20 stack frames]]>
    </failure>
  </testcase> <!-- @BeforeSuite setup -->
  <testcase classname="tests.Test2" name="tt2" time="0.0">
    <skipped/>
  </testcase> <!-- tt2 -->
</testsuite> <!-- Test -->
